[2025-05-24T19:05:25.507Z] ERROR: 'SKIP_MLFLOW' is not recognized as an internal or external command,
operable program or batch file.
[2025-05-24T19:05:25.540Z] ERROR: 'SKIP_MLFLOW' is not recognized as an internal or external command,
operable program or batch file.
[2025-05-24T19:05:25.567Z] ERROR: 'SKIP_MLFLOW' is not recognized as an internal or external command,
operable program or batch file.
[2025-05-24T19:05:25.594Z] ERROR: 'SKIP_MLFLOW' is not recognized as an internal or external command,
operable program or batch file.
[2025-05-24T19:05:25.622Z] ERROR: 'SKIP_MLFLOW' is not recognized as an internal or external command,
operable program or batch file.
[2025-05-24T19:05:25.645Z] ERROR: 'SKIP_MLFLOW' is not recognized as an internal or external command,
operable program or batch file.
[2025-05-24T19:05:25.670Z] ERROR: 'SKIP_MLFLOW' is not recognized as an internal or external command,
operable program or batch file.
[2025-05-24T19:05:25.691Z] ERROR: 'SKIP_MLFLOW' is not recognized as an internal or external command,
operable program or batch file.
[2025-05-24T19:05:25.718Z] ERROR: 'SKIP_MLFLOW' is not recognized as an internal or external command,
operable program or batch file.
[2025-05-24T19:05:25.741Z] ERROR: 'SKIP_MLFLOW' is not recognized as an internal or external command,
operable program or batch file.
[2025-05-24T19:05:25.765Z] ERROR: 'SKIP_MLFLOW' is not recognized as an internal or external command,
operable program or batch file.
[2025-05-24T19:05:25.789Z] ERROR: 'SKIP_MLFLOW' is not recognized as an internal or external command,
operable program or batch file.
[2025-05-24T19:05:25.813Z] ERROR: 'SKIP_MLFLOW' is not recognized as an internal or external command,
operable program or batch file.
[2025-05-24T19:05:25.839Z] ERROR: 'SKIP_MLFLOW' is not recognized as an internal or external command,
operable program or batch file.
[2025-05-24T19:05:25.862Z] ERROR: 'SKIP_MLFLOW' is not recognized as an internal or external command,
operable program or batch file.
[2025-05-24T19:05:25.884Z] ERROR: 'SKIP_MLFLOW' is not recognized as an internal or external command,
operable program or batch file.
[2025-05-24T19:05:25.905Z] ERROR: 'SKIP_MLFLOW' is not recognized as an internal or external command,
operable program or batch file.
[2025-05-24T19:05:25.929Z] ERROR: 'SKIP_MLFLOW' is not recognized as an internal or external command,
operable program or batch file.
[2025-05-24T19:05:25.955Z] ERROR: 'SKIP_MLFLOW' is not recognized as an internal or external command,
operable program or batch file.
[2025-05-24T19:05:25.983Z] ERROR: 'SKIP_MLFLOW' is not recognized as an internal or external command,
operable program or batch file.
[2025-05-24T19:05:26.007Z] ERROR: 'SKIP_MLFLOW' is not recognized as an internal or external command,
operable program or batch file.
[2025-05-24T19:05:26.036Z] ERROR: 'SKIP_MLFLOW' is not recognized as an internal or external command,
operable program or batch file.
[2025-05-24T19:05:26.069Z] ERROR: 'SKIP_MLFLOW' is not recognized as an internal or external command,
operable program or batch file.
[2025-05-24T19:05:26.104Z] ERROR: 'SKIP_MLFLOW' is not recognized as an internal or external command,
operable program or batch file.
[2025-05-24T19:05:26.135Z] ERROR: 'SKIP_MLFLOW' is not recognized as an internal or external command,
operable program or batch file.
[2025-05-24T19:05:26.175Z] ERROR: 'SKIP_MLFLOW' is not recognized as an internal or external command,
operable program or batch file.
[2025-05-24T19:05:26.215Z] ERROR: 'SKIP_MLFLOW' is not recognized as an internal or external command,
operable program or batch file.
[2025-05-24T19:05:26.243Z] ERROR: 'SKIP_MLFLOW' is not recognized as an internal or external command,
operable program or batch file.
[2025-05-24T19:05:26.270Z] ERROR: 'SKIP_MLFLOW' is not recognized as an internal or external command,
operable program or batch file.
[2025-05-24T19:05:26.295Z] ERROR: 'SKIP_MLFLOW' is not recognized as an internal or external command,
operable program or batch file.
[2025-05-24T19:05:26.318Z] ERROR: 'SKIP_MLFLOW' is not recognized as an internal or external command,
operable program or batch file.
[2025-05-24T19:05:26.339Z] ERROR: 'SKIP_MLFLOW' is not recognized as an internal or external command,
operable program or batch file.
[2025-05-24T19:05:26.369Z] ERROR: 'SKIP_MLFLOW' is not recognized as an internal or external command,
operable program or batch file.
[2025-05-24T19:05:26.394Z] ERROR: 'SKIP_MLFLOW' is not recognized as an internal or external command,
operable program or batch file.
[2025-05-24T19:05:26.423Z] ERROR: 'SKIP_MLFLOW' is not recognized as an internal or external command,
operable program or batch file.
[2025-05-24T19:05:26.446Z] ERROR: 'SKIP_MLFLOW' is not recognized as an internal or external command,
operable program or batch file.
[2025-05-24T19:05:26.470Z] ERROR: 'SKIP_MLFLOW' is not recognized as an internal or external command,
operable program or batch file.
[2025-05-24T19:05:26.494Z] ERROR: 'SKIP_MLFLOW' is not recognized as an internal or external command,
operable program or batch file.
[2025-05-24T19:05:26.515Z] ERROR: 'SKIP_MLFLOW' is not recognized as an internal or external command,
operable program or batch file.
[2025-05-24T19:05:26.537Z] ERROR: 'SKIP_MLFLOW' is not recognized as an internal or external command,
operable program or batch file.
[2025-05-24T19:05:26.558Z] ERROR: 'SKIP_MLFLOW' is not recognized as an internal or external command,
operable program or batch file.
[2025-05-24T19:05:26.578Z] ERROR: 'SKIP_MLFLOW' is not recognized as an internal or external command,
operable program or batch file.
[2025-05-24T19:05:26.602Z] ERROR: 'SKIP_MLFLOW' is not recognized as an internal or external command,
operable program or batch file.
[2025-05-24T19:05:26.628Z] ERROR: 'SKIP_MLFLOW' is not recognized as an internal or external command,
operable program or batch file.
[2025-05-24T19:05:26.653Z] ERROR: 'SKIP_MLFLOW' is not recognized as an internal or external command,
operable program or batch file.
[2025-05-24T19:05:26.679Z] ERROR: 'SKIP_MLFLOW' is not recognized as an internal or external command,
operable program or batch file.
[2025-05-24T19:05:26.703Z] ERROR: 'SKIP_MLFLOW' is not recognized as an internal or external command,
operable program or batch file.
[2025-05-24T19:05:26.737Z] ERROR: 'SKIP_MLFLOW' is not recognized as an internal or external command,
operable program or batch file.
[2025-05-24T19:05:26.768Z] ERROR: 'SKIP_MLFLOW' is not recognized as an internal or external command,
operable program or batch file.
[2025-05-24T19:05:26.798Z] ERROR: 'SKIP_MLFLOW' is not recognized as an internal or external command,
operable program or batch file.
[2025-05-24T19:05:26.826Z] ERROR: 'SKIP_MLFLOW' is not recognized as an internal or external command,
operable program or batch file.
[2025-05-24T19:05:26.851Z] ERROR: 'SKIP_MLFLOW' is not recognized as an internal or external command,
operable program or batch file.
[2025-05-24T19:05:26.875Z] ERROR: 'SKIP_MLFLOW' is not recognized as an internal or external command,
operable program or batch file.
[2025-05-24T19:05:26.899Z] ERROR: 'SKIP_MLFLOW' is not recognized as an internal or external command,
operable program or batch file.
[2025-05-24T19:05:26.924Z] ERROR: 'SKIP_MLFLOW' is not recognized as an internal or external command,
operable program or batch file.
[2025-05-24T19:05:26.947Z] ERROR: 'SKIP_MLFLOW' is not recognized as an internal or external command,
operable program or batch file.
[2025-05-24T19:05:26.971Z] ERROR: 'SKIP_MLFLOW' is not recognized as an internal or external command,
operable program or batch file.
[2025-05-24T19:05:26.994Z] ERROR: 'SKIP_MLFLOW' is not recognized as an internal or external command,
operable program or batch file.
[2025-05-24T19:05:27.019Z] ERROR: 'SKIP_MLFLOW' is not recognized as an internal or external command,
operable program or batch file.
[2025-05-24T19:05:27.044Z] ERROR: 'SKIP_MLFLOW' is not recognized as an internal or external command,
operable program or batch file.
[2025-05-24T19:05:27.072Z] ERROR: 'SKIP_MLFLOW' is not recognized as an internal or external command,
operable program or batch file.
[2025-05-24T19:05:27.095Z] ERROR: 'SKIP_MLFLOW' is not recognized as an internal or external command,
operable program or batch file.
[2025-05-24T19:05:27.121Z] ERROR: 'SKIP_MLFLOW' is not recognized as an internal or external command,
operable program or batch file.
[2025-05-24T19:05:27.147Z] ERROR: 'SKIP_MLFLOW' is not recognized as an internal or external command,
operable program or batch file.
[2025-05-24T19:05:27.171Z] ERROR: 'SKIP_MLFLOW' is not recognized as an internal or external command,
operable program or batch file.
[2025-05-24T19:05:27.193Z] ERROR: 'SKIP_MLFLOW' is not recognized as an internal or external command,
operable program or batch file.
[2025-05-24T19:05:27.216Z] ERROR: 'SKIP_MLFLOW' is not recognized as an internal or external command,
operable program or batch file.
[2025-05-24T19:05:27.244Z] ERROR: 'SKIP_MLFLOW' is not recognized as an internal or external command,
operable program or batch file.
[2025-05-24T19:05:27.271Z] ERROR: 'SKIP_MLFLOW' is not recognized as an internal or external command,
operable program or batch file.
[2025-05-24T19:05:27.293Z] ERROR: 'SKIP_MLFLOW' is not recognized as an internal or external command,
operable program or batch file.
[2025-05-24T19:05:27.315Z] ERROR: 'SKIP_MLFLOW' is not recognized as an internal or external command,
operable program or batch file.
[2025-05-24T19:05:27.338Z] ERROR: 'SKIP_MLFLOW' is not recognized as an internal or external command,
operable program or batch file.
[2025-05-24T19:05:27.360Z] ERROR: 'SKIP_MLFLOW' is not recognized as an internal or external command,
operable program or batch file.
[2025-05-24T19:05:27.382Z] ERROR: 'SKIP_MLFLOW' is not recognized as an internal or external command,
operable program or batch file.
[2025-05-24T19:05:27.404Z] ERROR: 'SKIP_MLFLOW' is not recognized as an internal or external command,
operable program or batch file.
[2025-05-24T19:05:27.426Z] ERROR: 'SKIP_MLFLOW' is not recognized as an internal or external command,
operable program or batch file.
[2025-05-24T19:05:27.451Z] ERROR: 'SKIP_MLFLOW' is not recognized as an internal or external command,
operable program or batch file.
[2025-05-24T19:05:27.472Z] ERROR: 'SKIP_MLFLOW' is not recognized as an internal or external command,
operable program or batch file.
[2025-05-24T19:05:27.496Z] ERROR: 'SKIP_MLFLOW' is not recognized as an internal or external command,
operable program or batch file.
[2025-05-24T19:05:27.518Z] ERROR: 'SKIP_MLFLOW' is not recognized as an internal or external command,
operable program or batch file.
[2025-05-24T19:05:27.540Z] ERROR: 'SKIP_MLFLOW' is not recognized as an internal or external command,
operable program or batch file.
[2025-05-24T19:05:27.560Z] ERROR: 'SKIP_MLFLOW' is not recognized as an internal or external command,
operable program or batch file.
[2025-05-24T19:05:27.584Z] ERROR: 'SKIP_MLFLOW' is not recognized as an internal or external command,
operable program or batch file.
[2025-05-24T19:05:27.606Z] ERROR: 'SKIP_MLFLOW' is not recognized as an internal or external command,
operable program or batch file.
[2025-05-24T19:05:27.628Z] ERROR: 'SKIP_MLFLOW' is not recognized as an internal or external command,
operable program or batch file.
[2025-05-24T19:05:27.650Z] ERROR: 'SKIP_MLFLOW' is not recognized as an internal or external command,
operable program or batch file.
[2025-05-24T19:05:27.674Z] ERROR: 'SKIP_MLFLOW' is not recognized as an internal or external command,
operable program or batch file.
[2025-05-24T19:05:27.695Z] ERROR: 'SKIP_MLFLOW' is not recognized as an internal or external command,
operable program or batch file.
[2025-05-24T19:05:27.721Z] ERROR: 'SKIP_MLFLOW' is not recognized as an internal or external command,
operable program or batch file.
[2025-05-24T19:05:27.746Z] ERROR: 'SKIP_MLFLOW' is not recognized as an internal or external command,
operable program or batch file.
[2025-05-24T19:05:27.771Z] ERROR: 'SKIP_MLFLOW' is not recognized as an internal or external command,
operable program or batch file.
[2025-05-24T19:05:27.796Z] ERROR: 'SKIP_MLFLOW' is not recognized as an internal or external command,
operable program or batch file.
[2025-05-24T19:05:27.820Z] ERROR: 'SKIP_MLFLOW' is not recognized as an internal or external command,
operable program or batch file.
[2025-05-24T19:05:27.847Z] ERROR: 'SKIP_MLFLOW' is not recognized as an internal or external command,
operable program or batch file.
[2025-05-24T19:05:27.876Z] ERROR: 'SKIP_MLFLOW' is not recognized as an internal or external command,
operable program or batch file.
[2025-05-24T19:05:27.901Z] ERROR: 'SKIP_MLFLOW' is not recognized as an internal or external command,
operable program or batch file.
[2025-05-24T19:05:27.926Z] ERROR: 'SKIP_MLFLOW' is not recognized as an internal or external command,
operable program or batch file.
[2025-05-24T19:05:27.952Z] ERROR: 'SKIP_MLFLOW' is not recognized as an internal or external command,
operable program or batch file.
[2025-05-24T19:05:27.975Z] ERROR: 'SKIP_MLFLOW' is not recognized as an internal or external command,
operable program or batch file.
[2025-05-24T19:05:27.998Z] ERROR: 'SKIP_MLFLOW' is not recognized as an internal or external command,
operable program or batch file.
[2025-05-24T19:05:28.021Z] ERROR: 'SKIP_MLFLOW' is not recognized as an internal or external command,
operable program or batch file.
[2025-05-24T19:05:28.043Z] ERROR: 'SKIP_MLFLOW' is not recognized as an internal or external command,
operable program or batch file.
[2025-05-24T19:05:28.067Z] ERROR: 'SKIP_MLFLOW' is not recognized as an internal or external command,
operable program or batch file.
[2025-05-24T19:05:28.091Z] ERROR: 'SKIP_MLFLOW' is not recognized as an internal or external command,
operable program or batch file.
[2025-05-24T19:05:28.116Z] ERROR: 'SKIP_MLFLOW' is not recognized as an internal or external command,
operable program or batch file.
[2025-05-24T19:05:28.138Z] ERROR: 'SKIP_MLFLOW' is not recognized as an internal or external command,
operable program or batch file.
[2025-05-24T19:05:28.159Z] ERROR: 'SKIP_MLFLOW' is not recognized as an internal or external command,
operable program or batch file.
[2025-05-24T19:05:28.182Z] ERROR: 'SKIP_MLFLOW' is not recognized as an internal or external command,
operable program or batch file.
[2025-05-24T19:05:28.204Z] ERROR: 'SKIP_MLFLOW' is not recognized as an internal or external command,
operable program or batch file.
[2025-05-24T19:05:28.225Z] ERROR: 'SKIP_MLFLOW' is not recognized as an internal or external command,
operable program or batch file.
[2025-05-24T19:05:28.247Z] ERROR: 'SKIP_MLFLOW' is not recognized as an internal or external command,
operable program or batch file.
[2025-05-24T19:05:28.268Z] ERROR: 'SKIP_MLFLOW' is not recognized as an internal or external command,
operable program or batch file.
[2025-05-24T19:05:28.289Z] ERROR: 'SKIP_MLFLOW' is not recognized as an internal or external command,
operable program or batch file.
[2025-05-24T19:05:28.310Z] ERROR: 'SKIP_MLFLOW' is not recognized as an internal or external command,
operable program or batch file.
[2025-05-24T19:05:28.332Z] ERROR: 'SKIP_MLFLOW' is not recognized as an internal or external command,
operable program or batch file.
[2025-05-24T19:05:28.353Z] ERROR: 'SKIP_MLFLOW' is not recognized as an internal or external command,
operable program or batch file.
[2025-05-24T19:05:28.374Z] ERROR: 'SKIP_MLFLOW' is not recognized as an internal or external command,
operable program or batch file.
[2025-05-24T19:05:28.396Z] ERROR: 'SKIP_MLFLOW' is not recognized as an internal or external command,
operable program or batch file.
[2025-05-24T19:05:28.419Z] ERROR: 'SKIP_MLFLOW' is not recognized as an internal or external command,
operable program or batch file.
[2025-05-24T19:05:28.441Z] ERROR: 'SKIP_MLFLOW' is not recognized as an internal or external command,
operable program or batch file.
[2025-05-24T19:05:28.468Z] ERROR: 'SKIP_MLFLOW' is not recognized as an internal or external command,
operable program or batch file.
[2025-05-24T19:05:28.494Z] ERROR: 'SKIP_MLFLOW' is not recognized as an internal or external command,
operable program or batch file.
[2025-05-24T19:05:28.521Z] ERROR: 'SKIP_MLFLOW' is not recognized as an internal or external command,
operable program or batch file.
[2025-05-24T19:05:28.545Z] ERROR: 'SKIP_MLFLOW' is not recognized as an internal or external command,
operable program or batch file.
[2025-05-24T19:05:28.575Z] ERROR: 'SKIP_MLFLOW' is not recognized as an internal or external command,
operable program or batch file.
[2025-05-24T19:05:28.599Z] ERROR: 'SKIP_MLFLOW' is not recognized as an internal or external command,
operable program or batch file.
[2025-05-24T19:05:28.620Z] ERROR: 'SKIP_MLFLOW' is not recognized as an internal or external command,
operable program or batch file.
[2025-05-24T19:05:28.642Z] ERROR: 'SKIP_MLFLOW' is not recognized as an internal or external command,
operable program or batch file.
[2025-05-24T19:05:28.664Z] ERROR: 'SKIP_MLFLOW' is not recognized as an internal or external command,
operable program or batch file.
[2025-05-24T19:05:28.687Z] ERROR: 'SKIP_MLFLOW' is not recognized as an internal or external command,
operable program or batch file.
[2025-05-24T19:05:28.712Z] ERROR: 'SKIP_MLFLOW' is not recognized as an internal or external command,
operable program or batch file.
[2025-05-24T19:05:28.737Z] ERROR: 'SKIP_MLFLOW' is not recognized as an internal or external command,
operable program or batch file.
[2025-05-24T19:05:28.760Z] ERROR: 'SKIP_MLFLOW' is not recognized as an internal or external command,
operable program or batch file.
[2025-05-24T19:05:28.781Z] ERROR: 'SKIP_MLFLOW' is not recognized as an internal or external command,
operable program or batch file.
[2025-05-24T19:05:28.801Z] ERROR: 'SKIP_MLFLOW' is not recognized as an internal or external command,
operable program or batch file.
[2025-05-24T19:05:28.823Z] ERROR: 'SKIP_MLFLOW' is not recognized as an internal or external command,
operable program or batch file.
[2025-05-24T19:05:28.844Z] ERROR: 'SKIP_MLFLOW' is not recognized as an internal or external command,
operable program or batch file.
[2025-05-24T19:05:28.867Z] ERROR: 'SKIP_MLFLOW' is not recognized as an internal or external command,
operable program or batch file.
[2025-05-24T19:05:28.888Z] ERROR: 'SKIP_MLFLOW' is not recognized as an internal or external command,
operable program or batch file.
[2025-05-24T19:05:28.912Z] ERROR: 'SKIP_MLFLOW' is not recognized as an internal or external command,
operable program or batch file.
[2025-05-24T19:05:28.936Z] ERROR: 'SKIP_MLFLOW' is not recognized as an internal or external command,
operable program or batch file.
[2025-05-24T19:05:28.959Z] ERROR: 'SKIP_MLFLOW' is not recognized as an internal or external command,
operable program or batch file.
[2025-05-24T19:05:28.982Z] ERROR: 'SKIP_MLFLOW' is not recognized as an internal or external command,
operable program or batch file.
[2025-05-24T19:05:29.005Z] ERROR: 'SKIP_MLFLOW' is not recognized as an internal or external command,
operable program or batch file.
[2025-05-24T19:05:29.027Z] ERROR: 'SKIP_MLFLOW' is not recognized as an internal or external command,
operable program or batch file.
[2025-05-24T19:05:29.049Z] ERROR: 'SKIP_MLFLOW' is not recognized as an internal or external command,
operable program or batch file.
[2025-05-24T19:05:29.069Z] ERROR: 'SKIP_MLFLOW' is not recognized as an internal or external command,
operable program or batch file.
[2025-05-24T19:05:29.090Z] ERROR: 'SKIP_MLFLOW' is not recognized as an internal or external command,
operable program or batch file.
[2025-05-24T19:05:29.112Z] ERROR: 'SKIP_MLFLOW' is not recognized as an internal or external command,
operable program or batch file.
[2025-05-24T19:05:29.132Z] ERROR: 'SKIP_MLFLOW' is not recognized as an internal or external command,
operable program or batch file.
[2025-05-24T19:05:29.153Z] ERROR: 'SKIP_MLFLOW' is not recognized as an internal or external command,
operable program or batch file.
[2025-05-24T19:05:29.173Z] ERROR: 'SKIP_MLFLOW' is not recognized as an internal or external command,
operable program or batch file.
[2025-05-24T19:05:29.193Z] ERROR: 'SKIP_MLFLOW' is not recognized as an internal or external command,
operable program or batch file.
[2025-05-24T19:05:29.214Z] ERROR: 'SKIP_MLFLOW' is not recognized as an internal or external command,
operable program or batch file.
[2025-05-24T19:05:29.234Z] ERROR: 'SKIP_MLFLOW' is not recognized as an internal or external command,
operable program or batch file.
[2025-05-24T19:05:29.254Z] ERROR: 'SKIP_MLFLOW' is not recognized as an internal or external command,
operable program or batch file.
[2025-05-24T19:05:29.273Z] ERROR: 'SKIP_MLFLOW' is not recognized as an internal or external command,
operable program or batch file.
[2025-05-24T19:05:29.294Z] ERROR: 'SKIP_MLFLOW' is not recognized as an internal or external command,
operable program or batch file.
[2025-05-24T19:05:29.314Z] ERROR: 'SKIP_MLFLOW' is not recognized as an internal or external command,
operable program or batch file.
[2025-05-24T19:05:29.335Z] ERROR: 'SKIP_MLFLOW' is not recognized as an internal or external command,
operable program or batch file.
[2025-05-24T19:05:29.355Z] ERROR: 'SKIP_MLFLOW' is not recognized as an internal or external command,
operable program or batch file.
[2025-05-24T19:05:29.375Z] ERROR: 'SKIP_MLFLOW' is not recognized as an internal or external command,
operable program or batch file.
[2025-05-24T19:05:29.395Z] ERROR: 'SKIP_MLFLOW' is not recognized as an internal or external command,
operable program or batch file.
[2025-05-24T19:05:29.414Z] ERROR: 'SKIP_MLFLOW' is not recognized as an internal or external command,
operable program or batch file.
[2025-05-24T19:05:29.433Z] ERROR: 'SKIP_MLFLOW' is not recognized as an internal or external command,
operable program or batch file.
[2025-05-24T19:05:29.454Z] ERROR: 'SKIP_MLFLOW' is not recognized as an internal or external command,
operable program or batch file.
[2025-05-24T19:05:29.475Z] ERROR: 'SKIP_MLFLOW' is not recognized as an internal or external command,
operable program or batch file.
[2025-05-24T19:05:29.497Z] ERROR: 'SKIP_MLFLOW' is not recognized as an internal or external command,
operable program or batch file.
[2025-05-24T19:05:29.520Z] ERROR: 'SKIP_MLFLOW' is not recognized as an internal or external command,
operable program or batch file.
[2025-05-24T19:05:29.557Z] ERROR: 'SKIP_MLFLOW' is not recognized as an internal or external command,
operable program or batch file.
[2025-05-24T19:05:29.590Z] ERROR: 'SKIP_MLFLOW' is not recognized as an internal or external command,
operable program or batch file.
[2025-05-24T19:05:29.620Z] ERROR: 'SKIP_MLFLOW' is not recognized as an internal or external command,
operable program or batch file.
[2025-05-24T19:05:29.644Z] ERROR: 'SKIP_MLFLOW' is not recognized as an internal or external command,
operable program or batch file.
[2025-05-24T19:05:29.667Z] ERROR: 'SKIP_MLFLOW' is not recognized as an internal or external command,
operable program or batch file.
[2025-05-24T19:05:29.693Z] ERROR: 'SKIP_MLFLOW' is not recognized as an internal or external command,
operable program or batch file.
[2025-05-24T19:05:29.725Z] ERROR: 'SKIP_MLFLOW' is not recognized as an internal or external command,
operable program or batch file.
[2025-05-24T19:05:29.755Z] ERROR: 'SKIP_MLFLOW' is not recognized as an internal or external command,
operable program or batch file.
[2025-05-24T19:05:29.791Z] ERROR: 'SKIP_MLFLOW' is not recognized as an internal or external command,
operable program or batch file.
[2025-05-24T19:05:29.820Z] ERROR: 'SKIP_MLFLOW' is not recognized as an internal or external command,
operable program or batch file.
[2025-05-24T19:05:29.851Z] ERROR: 'SKIP_MLFLOW' is not recognized as an internal or external command,
operable program or batch file.
[2025-05-24T19:05:29.930Z] ERROR: 'SKIP_MLFLOW' is not recognized as an internal or external command,
operable program or batch file.
[2025-05-24T19:05:30.053Z] ERROR: 'SKIP_MLFLOW' is not recognized as an internal or external command,
operable program or batch file.
[2025-05-24T19:05:30.150Z] ERROR: 'SKIP_MLFLOW' is not recognized as an internal or external command,
operable program or batch file.
[2025-05-24T19:05:30.224Z] ERROR: 'SKIP_MLFLOW' is not recognized as an internal or external command,
operable program or batch file.
[2025-05-24T19:05:30.256Z] ERROR: 'SKIP_MLFLOW' is not recognized as an internal or external command,
operable program or batch file.
[2025-05-24T19:05:30.288Z] ERROR: 'SKIP_MLFLOW' is not recognized as an internal or external command,
operable program or batch file.
[2025-05-24T19:05:30.318Z] ERROR: 'SKIP_MLFLOW' is not recognized as an internal or external command,
operable program or batch file.
[2025-05-24T19:05:30.346Z] ERROR: 'SKIP_MLFLOW' is not recognized as an internal or external command,
operable program or batch file.
[2025-05-24T19:05:30.373Z] ERROR: 'SKIP_MLFLOW' is not recognized as an internal or external command,
operable program or batch file.
[2025-05-24T19:05:30.400Z] ERROR: 'SKIP_MLFLOW' is not recognized as an internal or external command,
operable program or batch file.
[2025-05-24T19:05:30.428Z] ERROR: 'SKIP_MLFLOW' is not recognized as an internal or external command,
operable program or batch file.
[2025-05-24T19:05:30.459Z] ERROR: 'SKIP_MLFLOW' is not recognized as an internal or external command,
operable program or batch file.
[2025-05-24T19:05:30.489Z] ERROR: 'SKIP_MLFLOW' is not recognized as an internal or external command,
operable program or batch file.
[2025-05-24T19:05:30.519Z] ERROR: 'SKIP_MLFLOW' is not recognized as an internal or external command,
operable program or batch file.
[2025-05-24T19:05:30.552Z] ERROR: 'SKIP_MLFLOW' is not recognized as an internal or external command,
operable program or batch file.
[2025-05-24T19:05:30.588Z] ERROR: 'SKIP_MLFLOW' is not recognized as an internal or external command,
operable program or batch file.
[2025-05-24T19:05:30.622Z] ERROR: 'SKIP_MLFLOW' is not recognized as an internal or external command,
operable program or batch file.
[2025-05-24T19:05:30.654Z] ERROR: 'SKIP_MLFLOW' is not recognized as an internal or external command,
operable program or batch file.
[2025-05-24T19:05:30.729Z] ERROR: 'SKIP_MLFLOW' is not recognized as an internal or external command,
operable program or batch file.
[2025-05-24T19:05:30.831Z] ERROR: 'SKIP_MLFLOW' is not recognized as an internal or external command,
operable program or batch file.
[2025-05-24T19:05:30.922Z] ERROR: 'SKIP_MLFLOW' is not recognized as an internal or external command,
operable program or batch file.
[2025-05-24T19:05:30.975Z] ERROR: 'SKIP_MLFLOW' is not recognized as an internal or external command,
operable program or batch file.
[2025-05-24T19:05:31.010Z] ERROR: 'SKIP_MLFLOW' is not recognized as an internal or external command,
operable program or batch file.
[2025-05-24T19:05:31.043Z] ERROR: 'SKIP_MLFLOW' is not recognized as an internal or external command,
operable program or batch file.
[2025-05-24T19:05:31.077Z] ERROR: 'SKIP_MLFLOW' is not recognized as an internal or external command,
operable program or batch file.
[2025-05-24T19:06:49.956Z] ERROR: 'uvicorn' is not recognized as an internal or external command,
operable program or batch file.
[2025-05-24T19:06:49.984Z] ERROR: 'uvicorn' is not recognized as an internal or external command,
operable program or batch file.
[2025-05-24T19:06:50.012Z] ERROR: 'uvicorn' is not recognized as an internal or external command,
operable program or batch file.
[2025-05-24T19:06:50.036Z] ERROR: 'uvicorn' is not recognized as an internal or external command,
operable program or batch file.
[2025-05-24T19:06:50.059Z] ERROR: 'uvicorn' is not recognized as an internal or external command,
operable program or batch file.
[2025-05-24T19:06:50.085Z] ERROR: 'uvicorn' is not recognized as an internal or external command,
operable program or batch file.
[2025-05-24T19:06:50.110Z] ERROR: 'uvicorn' is not recognized as an internal or external command,
operable program or batch file.
[2025-05-24T19:06:50.132Z] ERROR: 'uvicorn' is not recognized as an internal or external command,
operable program or batch file.
[2025-05-24T19:06:50.156Z] ERROR: 'uvicorn' is not recognized as an internal or external command,
operable program or batch file.
[2025-05-24T19:06:50.181Z] ERROR: 'uvicorn' is not recognized as an internal or external command,
operable program or batch file.
[2025-05-24T19:06:50.205Z] ERROR: 'uvicorn' is not recognized as an internal or external command,
operable program or batch file.
[2025-05-24T19:06:50.229Z] ERROR: 'uvicorn' is not recognized as an internal or external command,
operable program or batch file.
[2025-05-24T19:06:50.254Z] ERROR: 'uvicorn' is not recognized as an internal or external command,
operable program or batch file.
[2025-05-24T19:06:50.277Z] ERROR: 'uvicorn' is not recognized as an internal or external command,
operable program or batch file.
[2025-05-24T19:06:50.300Z] ERROR: 'uvicorn' is not recognized as an internal or external command,
operable program or batch file.
[2025-05-24T19:06:50.324Z] ERROR: 'uvicorn' is not recognized as an internal or external command,
operable program or batch file.
[2025-05-24T19:06:50.350Z] ERROR: 'uvicorn' is not recognized as an internal or external command,
operable program or batch file.
[2025-05-24T19:06:50.371Z] ERROR: 'uvicorn' is not recognized as an internal or external command,
operable program or batch file.
[2025-05-24T19:06:50.395Z] ERROR: 'uvicorn' is not recognized as an internal or external command,
operable program or batch file.
[2025-05-24T19:06:50.418Z] ERROR: 'uvicorn' is not recognized as an internal or external command,
operable program or batch file.
[2025-05-24T19:06:50.441Z] ERROR: 'uvicorn' is not recognized as an internal or external command,
operable program or batch file.
[2025-05-24T19:06:50.465Z] ERROR: 'uvicorn' is not recognized as an internal or external command,
operable program or batch file.
[2025-05-24T19:06:50.489Z] ERROR: 'uvicorn' is not recognized as an internal or external command,
operable program or batch file.
[2025-05-24T19:06:50.511Z] ERROR: 'uvicorn' is not recognized as an internal or external command,
operable program or batch file.
[2025-05-24T19:06:50.536Z] ERROR: 'uvicorn' is not recognized as an internal or external command,
operable program or batch file.
[2025-05-24T19:06:50.557Z] ERROR: 'uvicorn' is not recognized as an internal or external command,
operable program or batch file.
[2025-05-24T19:06:50.581Z] ERROR: 'uvicorn' is not recognized as an internal or external command,
operable program or batch file.
[2025-05-24T19:06:50.604Z] ERROR: 'uvicorn' is not recognized as an internal or external command,
operable program or batch file.
[2025-05-24T19:06:50.628Z] ERROR: 'uvicorn' is not recognized as an internal or external command,
operable program or batch file.
[2025-05-24T19:06:50.654Z] ERROR: 'uvicorn' is not recognized as an internal or external command,
operable program or batch file.
[2025-05-24T19:06:50.684Z] ERROR: 'uvicorn' is not recognized as an internal or external command,
operable program or batch file.
[2025-05-24T19:06:50.712Z] ERROR: 'uvicorn' is not recognized as an internal or external command,
operable program or batch file.
[2025-05-24T19:06:50.736Z] ERROR: 'uvicorn' is not recognized as an internal or external command,
operable program or batch file.
[2025-05-24T19:06:50.759Z] ERROR: 'uvicorn' is not recognized as an internal or external command,
operable program or batch file.
[2025-05-24T19:06:50.781Z] ERROR: 'uvicorn' is not recognized as an internal or external command,
operable program or batch file.
[2025-05-24T19:06:50.805Z] ERROR: 'uvicorn' is not recognized as an internal or external command,
operable program or batch file.
[2025-05-24T19:06:50.828Z] ERROR: 'uvicorn' is not recognized as an internal or external command,
operable program or batch file.
[2025-05-24T19:06:50.851Z] ERROR: 'uvicorn' is not recognized as an internal or external command,
operable program or batch file.
[2025-05-24T19:06:50.877Z] ERROR: 'uvicorn' is not recognized as an internal or external command,
operable program or batch file.
[2025-05-24T19:06:50.903Z] ERROR: 'uvicorn' is not recognized as an internal or external command,
operable program or batch file.
[2025-05-24T19:06:50.932Z] ERROR: 'uvicorn' is not recognized as an internal or external command,
operable program or batch file.
[2025-05-24T19:06:50.956Z] ERROR: 'uvicorn' is not recognized as an internal or external command,
operable program or batch file.
[2025-05-24T19:06:50.983Z] ERROR: 'uvicorn' is not recognized as an internal or external command,
operable program or batch file.
[2025-05-24T19:06:51.010Z] ERROR: 'uvicorn' is not recognized as an internal or external command,
operable program or batch file.
[2025-05-24T19:06:51.036Z] ERROR: 'uvicorn' is not recognized as an internal or external command,
operable program or batch file.
[2025-05-24T19:06:51.060Z] ERROR: 'uvicorn' is not recognized as an internal or external command,
operable program or batch file.
[2025-05-24T19:06:51.083Z] ERROR: 'uvicorn' is not recognized as an internal or external command,
operable program or batch file.
[2025-05-24T19:06:51.107Z] ERROR: 'uvicorn' is not recognized as an internal or external command,
operable program or batch file.
[2025-05-24T19:06:51.135Z] ERROR: 'uvicorn' is not recognized as an internal or external command,
operable program or batch file.
[2025-05-24T19:06:51.161Z] ERROR: 'uvicorn' is not recognized as an internal or external command,
operable program or batch file.
[2025-05-24T19:06:51.187Z] ERROR: 'uvicorn' is not recognized as an internal or external command,
operable program or batch file.
[2025-05-24T19:06:51.211Z] ERROR: 'uvicorn' is not recognized as an internal or external command,
operable program or batch file.
[2025-05-24T19:06:51.236Z] ERROR: 'uvicorn' is not recognized as an internal or external command,
operable program or batch file.
[2025-05-24T19:06:51.261Z] ERROR: 'uvicorn' is not recognized as an internal or external command,
operable program or batch file.
[2025-05-24T19:06:51.286Z] ERROR: 'uvicorn' is not recognized as an internal or external command,
operable program or batch file.
[2025-05-24T19:06:51.312Z] ERROR: 'uvicorn' is not recognized as an internal or external command,
operable program or batch file.
[2025-05-24T19:22:41.137Z] ERROR: INFO:     Will watch for changes in these directories: ['C:\\Users\\ASUS\\Desktop\\soilgaurdian\\fullstack\\ML']
[2025-05-24T19:22:41.138Z] ERROR: INFO:     Uvicorn running on http://0.0.0.0:8000 (Press CTRL+C to quit)
INFO:     Started reloader process [23328] using StatReload
[2025-05-24T19:22:47.104Z] ERROR: INFO:     Started server process [31200]
[2025-05-24T19:22:47.105Z] ERROR: INFO:     Waiting for application startup.
INFO:     Application startup complete.
[2025-05-24T19:23:51.549Z] ERROR: INFO:     Will watch for changes in these directories: ['C:\\Users\\ASUS\\Desktop\\soilgaurdian\\fullstack\\ML']
[2025-05-24T19:23:51.550Z] ERROR: INFO:     Uvicorn running on http://0.0.0.0:8000 (Press CTRL+C to quit)
INFO:     Started reloader process [26324] using StatReload
[2025-05-24T19:23:53.526Z] ERROR: INFO:     Started server process [29680]
[2025-05-24T19:23:53.527Z] ERROR: INFO:     Waiting for application startup.
INFO:     Application startup complete.
[2025-05-24T19:31:04.639Z] INFO:     127.0.0.1:55005 - "GET / HTTP/1.1" 200 OK
[2025-05-24T19:31:04.759Z] INFO:     127.0.0.1:55005 - "GET /favicon.ico HTTP/1.1" 404 Not Found
[2025-05-24T19:31:06.750Z] INFO:     127.0.0.1:55005 - "GET / HTTP/1.1" 200 OK
[2025-05-24T19:31:10.159Z] INFO:     127.0.0.1:55005 - "GET /.well-known/appspecific/com.chrome.devtools.json HTTP/1.1" 404 Not Found
[2025-05-24T19:55:44.530Z] ERROR: INFO:     Will watch for changes in these directories: ['C:\\Users\\ASUS\\Desktop\\soilgaurdian\\fullstack\\ML']
[2025-05-24T19:55:44.531Z] ERROR: INFO:     Uvicorn running on http://0.0.0.0:8000 (Press CTRL+C to quit)
INFO:     Started reloader process [47716] using StatReload
[2025-05-24T19:55:47.417Z] ERROR: INFO:     Started server process [31356]
[2025-05-24T19:55:47.417Z] ERROR: INFO:     Waiting for application startup.
[2025-05-24T19:55:47.418Z] ERROR: INFO:     Application startup complete.
[2025-05-24T20:05:09.564Z] ERROR: INFO:     Will watch for changes in these directories: ['C:\\Users\\ASUS\\Desktop\\soilgaurdian\\fullstack\\ML']
[2025-05-24T20:05:09.566Z] ERROR: INFO:     Uvicorn running on http://0.0.0.0:8000 (Press CTRL+C to quit)
INFO:     Started reloader process [7476] using StatReload
[2025-05-24T20:05:11.610Z] ERROR: INFO:     Started server process [40972]
[2025-05-24T20:05:11.610Z] ERROR: INFO:     Waiting for application startup.
INFO:     Application startup complete.
[2025-05-24T20:06:50.718Z] ERROR: INFO:     Will watch for changes in these directories: ['C:\\Users\\ASUS\\Desktop\\soilgaurdian\\fullstack\\ML']
[2025-05-24T20:06:50.720Z] ERROR: INFO:     Uvicorn running on http://0.0.0.0:8000 (Press CTRL+C to quit)
INFO:     Started reloader process [57908] using StatReload
[2025-05-24T20:06:53.707Z] ERROR: INFO:     Started server process [49608]
[2025-05-24T20:06:53.708Z] ERROR: INFO:     Waiting for application startup.
INFO:     Application startup complete.
[2025-05-24T20:41:22.566Z] ERROR: INFO:     Will watch for changes in these directories: ['C:\\Users\\ASUS\\Desktop\\soilgaurdian\\fullstack\\ML']
[2025-05-24T20:41:22.568Z] ERROR: INFO:     Uvicorn running on http://0.0.0.0:8000 (Press CTRL+C to quit)
INFO:     Started reloader process [43788] using StatReload
[2025-05-24T20:41:24.304Z] ERROR: INFO:     Started server process [45460]
[2025-05-24T20:41:24.304Z] ERROR: INFO:     Waiting for application startup.
INFO:     Application startup complete.
